<?xml version="1.0" encoding="UTF-8"?>
<!-- Generated by org.testng.reporters.JUnitXMLReporter -->
<testsuite hostname="Seachange-PC" ignored="0" name="Default test" tests="4" failures="0" timestamp="29 Jun 2017 05:41:09 GMT" time="79.443" errors="0">
  <testcase name="Locations" time="5.743" classname="purchase_Admin.LocationTest"/>
  <testcase name="AddNewLocation" time="23.817" classname="purchase_Admin.LocationTest"/>
  <testcase name="EditLocation" time="27.232" classname="purchase_Admin.LocationTest"/>
  <testcase name="DeleteLocation" time="22.284" classname="purchase_Admin.LocationTest"/>
</testsuite> <!-- Default test -->
